Running experiment with karate.txt
Experiment with karate.txt completed.
All experiments completed.
Running experiment with karate.txt
Experiment with karate.txt completed.
Running experiment with Slashdot0811-OK.mtx
Experiment with Slashdot0811-OK.mtx completed.
Running experiment with loc-Gowalla.mtx
Experiment with loc-Gowalla.mtx completed.
Running experiment with musae_git.txt
Experiment with musae_git.txt completed.
Running experiment with tech-RL-caida.mtx
Experiment with tech-RL-caida.mtx completed.
All experiments completed.
Running experiment with karate.txt
Experiment with karate.txt completed.
Running experiment with dblp.txt
Experiment with dblp.txt completed.
Running experiment with amazon.txt
Experiment with amazon.txt completed.
Running experiment with youtube.txt
Experiment with youtube.txt completed.
Running experiment with Slashdot0811-OK.mtx
Experiment with Slashdot0811-OK.mtx completed.
Running experiment with loc-Gowalla.mtx
Experiment with loc-Gowalla.mtx completed.
Running experiment with soc-flickr.mtx
Experiment with soc-flickr.mtx completed.
Running experiment with musae_git.txt
Experiment with musae_git.txt completed.
Running experiment with tech-RL-caida.mtx
Experiment with tech-RL-caida.mtx completed.
Running experiment with twitch_gamers.txt
Experiment with twitch_gamers.txt completed.
All experiments completed.
Running experiment with web-NotreDame-OK.mtx
Experiment with web-NotreDame-OK.mtx completed.
Running experiment with soc-youtube.mtx
Experiment with soc-youtube.mtx completed.
All experiments completed.
Running experiment with LiveJournal.txt
Experiment with LiveJournal.txt completed.
All experiments completed.
